#At time x process y state arr w total z remain y wait k
At time 2 process 1 started arr 2 total 10 remain 10 wait 0
At time 5 process 1 stopped arr 2 total 10 remain 6 wait 0
At time 6 process 2 started arr 5 total 4 remain 4 wait 1
At time 9 process 2 finished arr 5 total 4 remain 0 wait 1 TA 4 WTA 1.00
At time 9 process 1 resumed arr 2 total 10 remain 6 wait 4
At time 13 process 1 stopped arr 2 total 10 remain 2 wait 4
At time 13 process 3 started arr 7 total 3 remain 3 wait 6
At time 16 process 3 finished arr 7 total 3 remain 0 wait 6 TA 9 WTA 3.00
At time 16 process 1 resumed arr 2 total 10 remain 2 wait 7
At time 18 process 1 finished arr 2 total 10 remain 0 wait 7 TA 16 WTA 1.60
At time 18 process 4 started arr 17 total 20 remain 20 wait 1
At time 22 process 4 stopped arr 17 total 20 remain 16 wait 1
At time 22 process 4 resumed arr 17 total 20 remain 16 wait 1
At time 26 process 4 stopped arr 17 total 20 remain 12 wait 1
At time 26 process 4 resumed arr 17 total 20 remain 12 wait 1
At time 30 process 4 stopped arr 17 total 20 remain 8 wait 1
At time 30 process 4 resumed arr 17 total 20 remain 8 wait 1
At time 34 process 4 stopped arr 17 total 20 remain 4 wait 1
At time 34 process 4 resumed arr 17 total 20 remain 4 wait 1
At time 38 process 4 finished arr 17 total 20 remain 0 wait 1 TA 21 WTA 1.05
