#At time x process y state arr w total z remain y wait k
At time 2 process 1 started arr 2 total 12 remain 12 wait 0
At time 4 process 1 stopped arr 2 total 12 remain 10 wait 0
At time 4 process 1 resumed arr 2 total 12 remain 10 wait 0
At time 6 process 1 stopped arr 2 total 12 remain 8 wait 0
At time 6 process 2 started arr 5 total 4 remain 4 wait 1
At time 8 process 2 stopped arr 5 total 4 remain 2 wait 1
At time 8 process 1 resumed arr 2 total 12 remain 8 wait 2
At time 10 process 1 stopped arr 2 total 12 remain 6 wait 2
At time 10 process 3 started arr 7 total 3 remain 3 wait 3
At time 12 process 3 stopped arr 7 total 3 remain 1 wait 3
At time 12 process 2 resumed arr 5 total 4 remain 2 wait 5
At time 14 process 2 finished arr 5 total 4 remain 0 wait 5 TA 9 WTA 2.25
At time 14 process 1 resumed arr 2 total 12 remain 6 wait 6
At time 16 process 1 stopped arr 2 total 12 remain 4 wait 6
At time 16 process 3 resumed arr 7 total 3 remain 1 wait 7
At time 17 process 3 finished arr 7 total 3 remain 0 wait 7 TA 10 WTA 3.33
At time 17 process 1 resumed arr 2 total 12 remain 4 wait 7
At time 19 process 1 stopped arr 2 total 12 remain 2 wait 7
At time 19 process 4 started arr 17 total 20 remain 20 wait 2
At time 21 process 4 stopped arr 17 total 20 remain 18 wait 2
At time 21 process 1 resumed arr 2 total 12 remain 2 wait 9
At time 23 process 1 finished arr 2 total 12 remain 0 wait 9 TA 21 WTA 1.75
At time 23 process 4 resumed arr 17 total 20 remain 18 wait 4
At time 25 process 4 stopped arr 17 total 20 remain 16 wait 4
At time 25 process 4 resumed arr 17 total 20 remain 16 wait 4
At time 27 process 4 stopped arr 17 total 20 remain 14 wait 4
At time 27 process 4 resumed arr 17 total 20 remain 14 wait 4
At time 29 process 4 stopped arr 17 total 20 remain 12 wait 4
At time 29 process 4 resumed arr 17 total 20 remain 12 wait 4
At time 31 process 4 stopped arr 17 total 20 remain 10 wait 4
At time 31 process 4 resumed arr 17 total 20 remain 10 wait 4
At time 33 process 4 stopped arr 17 total 20 remain 8 wait 4
At time 33 process 4 resumed arr 17 total 20 remain 8 wait 4
At time 35 process 4 stopped arr 17 total 20 remain 6 wait 4
At time 35 process 4 resumed arr 17 total 20 remain 6 wait 4
At time 37 process 4 stopped arr 17 total 20 remain 4 wait 4
At time 37 process 4 resumed arr 17 total 20 remain 4 wait 4
At time 39 process 4 stopped arr 17 total 20 remain 2 wait 4
At time 39 process 4 resumed arr 17 total 20 remain 2 wait 4
At time 41 process 4 finished arr 17 total 20 remain 0 wait 4 TA 24 WTA 1.20
At time 41 process 5 started arr 40 total 5 remain 5 wait 1
At time 43 process 5 stopped arr 40 total 5 remain 3 wait 1
At time 43 process 5 resumed arr 40 total 5 remain 3 wait 1
At time 45 process 5 stopped arr 40 total 5 remain 1 wait 1
At time 45 process 5 resumed arr 40 total 5 remain 1 wait 1
At time 46 process 5 finished arr 40 total 5 remain 0 wait 1 TA 6 WTA 1.20
